Build started 11/12/2012 10:51:44 PM gps.
     1>Project "D:\Year2\Semester 1\CS2103\Scheduler-mypart\final-randd\Scheduler++\SchedulerPlain.vcxproj" on node 2 (build target(s)).
     1>InitializeBuildStatus:
         Creating "Debug\SchedulerPlain.unsuccessfulbuild" because "AlwaysCreate" was specified.
       ClCompile:
         c:\Program Files (x86)\Microsoft Visual Studio 10.0\VC\bin\CL.exe /c /ZI /nologo /W3 /WX- /Od /Oy- /D _MBCS /Gm /EHsc /RTC1 /MTd /GS /fp:precise /Zc:wchar_t /Zc:forScope /Fo"Debug\\" /Fd"Debug\vc100.pdb" /Gd /TP /analyze- /errorReport:prompt CommandFlag.cpp CommandList.cpp CommandSort.cpp CommandUndo.cpp Data.cpp Display.cpp Logic.cpp LogicAdd.cpp LogicBase.cpp LogicClear.cpp LogicDelete.cpp LogicDone.cpp LogicEdit.cpp LogicFlag.cpp LogicList.cpp LogicSort.cpp LogicTutorial.cpp LogicUndo.cpp PairDateTime.cpp Parser.cpp ParserAdd.cpp ParserBase.cpp ParserCatchAll.cpp ParserClear.cpp ParserDateTime.cpp ParserDelete.cpp ParserDone.cpp ParserEdit.cpp ParserExceptions.cpp ParserFlag.cpp ParserList.cpp ParserSort.cpp ParserUndo.cpp Task.cpp Writer.cpp
         Skipping... (no relevant changes detected)
         Writer.cpp
         Task.cpp
         ParserUndo.cpp
         ParserSort.cpp
         ParserList.cpp
         ParserFlag.cpp
         ParserExceptions.cpp
         ParserEdit.cpp
         ParserDone.cpp
         ParserDelete.cpp
         ParserDateTime.cpp
         ParserClear.cpp
         ParserCatchAll.cpp
         ParserBase.cpp
         ParserAdd.cpp
         Parser.cpp
         PairDateTime.cpp
         LogicUndo.cpp
         LogicTutorial.cpp
         LogicSort.cpp
         LogicList.cpp
         LogicFlag.cpp
         LogicEdit.cpp
         LogicDone.cpp
         LogicDelete.cpp
         LogicClear.cpp
         LogicBase.cpp
         LogicAdd.cpp
         Logic.cpp
         Display.cpp
         Data.cpp
         CommandUndo.cpp
         CommandSort.cpp
         CommandList.cpp
         CommandFlag.cpp
       Link:
         c:\Program Files (x86)\Microsoft Visual Studio 10.0\VC\bin\link.exe /ERRORREPORT:PROMPT /OUT:"D:\Year2\Semester 1\CS2103\Scheduler-mypart\final-randd\Debug\SchedulerPlain.exe" /NOLOGO /LIBPATH:"D:\Year2\Semester 1\CS2103\Scheduler-mypart\final-randd\lib" kernel32.lib user32.lib gdi32.lib winspool.lib comdlg32.lib advapi32.lib shell32.lib ole32.lib oleaut32.lib uuid.lib odbc32.lib odbccp32.lib kernel32.lib user32.lib gdi32.lib winspool.lib comdlg32.lib advapi32.lib shell32.lib ole32.lib oleaut32.lib uuid.lib odbc32.lib odbccp32.lib gtestd.lib /MANIFEST /ManifestFile:"Debug\SchedulerPlain.exe.intermediate.manifest" /MANIFESTUAC:"level='asInvoker' uiAccess='false'" /DEBUG /PDB:"D:\Year2\Semester 1\CS2103\Scheduler-mypart\final-randd\Debug\SchedulerPlain.pdb" /TLBID:1 /DYNAMICBASE /NXCOMPAT /IMPLIB:"D:\Year2\Semester 1\CS2103\Scheduler-mypart\final-randd\Debug\SchedulerPlain.lib" /MACHINE:X86 Debug\CommandAdd.obj
         Debug\CommandBase.obj
         Debug\CommandClear.obj
         Debug\CommandDelete.obj
         Debug\CommandDone.obj
         Debug\CommandEdit.obj
         Debug\CommandFlag.obj
         Debug\CommandList.obj
         Debug\CommandSort.obj
         Debug\CommandUndo.obj
         Debug\Data.obj
         Debug\Display.obj
         Debug\Logic.obj
         Debug\LogicAdd.obj
         Debug\LogicBase.obj
         Debug\LogicClear.obj
         Debug\LogicDelete.obj
         Debug\LogicDone.obj
         Debug\LogicEdit.obj
         Debug\LogicFlag.obj
         Debug\LogicList.obj
         Debug\LogicSort.obj
         Debug\LogicTutorial.obj
         Debug\LogicUndo.obj
         Debug\main.obj
         Debug\PairDateTime.obj
         Debug\Parser.obj
         Debug\ParserAdd.obj
         Debug\ParserBase.obj
         Debug\ParserCatchAll.obj
         Debug\ParserClear.obj
         Debug\ParserDateTime.obj
         Debug\ParserDelete.obj
         Debug\ParserDone.obj
         Debug\ParserEdit.obj
         Debug\ParserExceptions.obj
         Debug\ParserFlag.obj
         Debug\ParserList.obj
         Debug\ParserSort.obj
         Debug\ParserUndo.obj
         Debug\Task.obj
         Debug\UI.obj
         Debug\Writer.obj
         LINK : D:\Year2\Semester 1\CS2103\Scheduler-mypart\final-randd\Debug\SchedulerPlain.exe not found or not built by the last incremental link; performing full link
         SchedulerPlain.vcxproj -> D:\Year2\Semester 1\CS2103\Scheduler-mypart\final-randd\Debug\SchedulerPlain.exe
       Manifest:
         C:\Program Files (x86)\Microsoft SDKs\Windows\v7.0A\bin\mt.exe /nologo /verbose /outputresource:"D:\Year2\Semester 1\CS2103\Scheduler-mypart\final-randd\Debug\SchedulerPlain.exe;#1" /manifest Debug\SchedulerPlain.exe.intermediate.manifest
       FinalizeBuildStatus:
         Deleting file "Debug\SchedulerPlain.unsuccessfulbuild".
         Touching "Debug\SchedulerPlain.lastbuildstate".
     1>Done Building Project "D:\Year2\Semester 1\CS2103\Scheduler-mypart\final-randd\Scheduler++\SchedulerPlain.vcxproj" (build target(s)).

Build succeeded.

Time Elapsed 00:00:01.74
